CORE: 2003/07/18 0:07:51 : Loaded core system version PHP/Eggdrop ( PHP/NC ) v0.1 by MagicalTux <w@ff.st>
CORE_CONNECT: Loaded Core_Connect v0.3
CORE_IO: Loaded Core_Enhenced-I/O v0.3
CORE_IRCOPER: Loaded Core_IRCOper v0.1
CORE_CONNECT: Trying to connect to irc.fetchnet.org on port 6667 ...
CORE_CONNECT: Identifying to IRC Server ...
CORE_CONNECT: Connexion ETABLISHED, MOTD skipped
CORE_IO: Sending join request to #Yare ...
CORE_IO: Sending join request to #Yare-FR ...
CORE_IO: Sending join request to #Pub ...
CORE_IO: Joined #yare
CORE_IO: Joined #Yare-FR
CORE_IO: Joined #pub
CORE: 2003/07/18 0:07:30 : Loaded core system version PHP/Eggdrop ( PHP/NC ) v0.1 by MagicalTux <w@ff.st>
CORE_CONNECT: Loaded Core_Connect v0.3
CORE_IO: Loaded Core_Enhenced-I/O v0.3
CORE_IRCOPER: Loaded Core_IRCOper v0.1
CORE_CONNECT: Trying to connect to irc.fetchnet.org on port 6667 ...
CORE_CONNECT: Identifying to IRC Server ...
CORE_CONNECT: Connexion ETABLISHED, MOTD skipped
CORE_IO: Sending join request to #Yare ...
CORE_IO: Sending join request to #Yare-FR ...
CORE_IO: Sending join request to #Pub ...
CORE_IO: Joined #yare
CORE_IO: Joined #Yare-FR
CORE_IO: Joined #pub
